2018-07-20 09:51:55,732 [INFO] from application in play-dev-mode-akka.actor.default-dispatcher-2 - ApplicationTimer demo: Starting application at 2018-07-20T14:51:55.731Z.
2018-07-20 09:51:55,961 [INFO] from play.api.http.EnabledFilters in play-dev-mode-akka.actor.default-dispatcher-2 - Enabled Filters (see <https://www.playframework.com/documentation/latest/Filters>):

    play.filters.csrf.CSRFFilter
    play.filters.headers.SecurityHeadersFilter
    play.filters.hosts.AllowedHostsFilter
    filters.ExampleFilter

2018-07-20 09:51:55,966 [INFO] from play.api.Play in play-dev-mode-akka.actor.default-dispatcher-2 - Application started (Dev)
2018-07-20 09:51:56,184 [WARN] from play.api.mvc.DefaultJWTCookieDataCodec in application-akka.actor.default-dispatcher-3 - decode: cookie has invalid signature! message = JWT signature does not match locally computed signature. JWT validity cannot be asserted and should not be trusted.
2018-07-20 09:51:56,186 [INFO] from play.api.mvc.DefaultJWTCookieDataCodec in application-akka.actor.default-dispatcher-3 - The JWT signature in the cookie does not match the locally computed signature with the server.
This usually indicates the browser has a leftover cookie from another Play application,
so clearing cookies may resolve this error message.
2018-07-20 09:51:56,322 [WARN] from play.api.mvc.DefaultJWTCookieDataCodec in application-akka.actor.default-dispatcher-2 - decode: cookie has invalid signature! message = JWT signature does not match locally computed signature. JWT validity cannot be asserted and should not be trusted.
2018-07-20 09:51:56,322 [WARN] from play.api.mvc.DefaultJWTCookieDataCodec in application-akka.actor.default-dispatcher-3 - decode: cookie has invalid signature! message = JWT signature does not match locally computed signature. JWT validity cannot be asserted and should not be trusted.
2018-07-20 09:51:56,322 [INFO] from play.api.mvc.DefaultJWTCookieDataCodec in application-akka.actor.default-dispatcher-3 - The JWT signature in the cookie does not match the locally computed signature with the server.
This usually indicates the browser has a leftover cookie from another Play application,
so clearing cookies may resolve this error message.
2018-07-20 09:51:56,322 [INFO] from play.api.mvc.DefaultJWTCookieDataCodec in application-akka.actor.default-dispatcher-2 - The JWT signature in the cookie does not match the locally computed signature with the server.
This usually indicates the browser has a leftover cookie from another Play application,
so clearing cookies may resolve this error message.
2018-07-20 09:56:28,774 [INFO] from application in application-akka.actor.default-dispatcher-7 - ApplicationTimer demo: Stopping application at 2018-07-20T14:56:28.774Z after 273s.
2018-07-20 09:56:28,892 [INFO] from application in play-dev-mode-akka.actor.default-dispatcher-37 - ApplicationTimer demo: Starting application at 2018-07-20T14:56:28.892Z.
2018-07-20 09:56:28,939 [INFO] from play.api.http.EnabledFilters in play-dev-mode-akka.actor.default-dispatcher-37 - Enabled Filters (see <https://www.playframework.com/documentation/latest/Filters>):

    play.filters.csrf.CSRFFilter
    play.filters.headers.SecurityHeadersFilter
    play.filters.hosts.AllowedHostsFilter
    filters.ExampleFilter

2018-07-20 09:56:28,940 [INFO] from play.api.Play in play-dev-mode-akka.actor.default-dispatcher-37 - Application started (Dev)
2018-07-20 09:56:40,963 [INFO] from application in application-akka.actor.default-dispatcher-5 - ApplicationTimer demo: Stopping application at 2018-07-20T14:56:40.963Z after 12s.
2018-07-20 09:56:41,068 [INFO] from application in play-dev-mode-akka.actor.default-dispatcher-36 - ApplicationTimer demo: Starting application at 2018-07-20T14:56:41.068Z.
2018-07-20 09:56:41,113 [INFO] from play.api.http.EnabledFilters in play-dev-mode-akka.actor.default-dispatcher-36 - Enabled Filters (see <https://www.playframework.com/documentation/latest/Filters>):

    play.filters.csrf.CSRFFilter
    play.filters.headers.SecurityHeadersFilter
    play.filters.hosts.AllowedHostsFilter
    filters.ExampleFilter

2018-07-20 09:56:41,113 [INFO] from play.api.Play in play-dev-mode-akka.actor.default-dispatcher-36 - Application started (Dev)
2018-07-20 09:56:55,096 [INFO] from application in application-akka.actor.default-dispatcher-2 - ApplicationTimer demo: Stopping application at 2018-07-20T14:56:55.096Z after 14s.
2018-07-20 09:56:55,178 [INFO] from application in play-dev-mode-akka.actor.default-dispatcher-40 - ApplicationTimer demo: Starting application at 2018-07-20T14:56:55.177Z.
2018-07-20 09:56:55,224 [INFO] from play.api.http.EnabledFilters in play-dev-mode-akka.actor.default-dispatcher-40 - Enabled Filters (see <https://www.playframework.com/documentation/latest/Filters>):

    play.filters.csrf.CSRFFilter
    play.filters.headers.SecurityHeadersFilter
    play.filters.hosts.AllowedHostsFilter
    filters.ExampleFilter

2018-07-20 09:56:55,224 [INFO] from play.api.Play in play-dev-mode-akka.actor.default-dispatcher-40 - Application started (Dev)
2018-07-20 10:23:15,160 [INFO] from application in application-akka.actor.default-dispatcher-10 - ApplicationTimer demo: Stopping application at 2018-07-20T15:23:15.160Z after 1580s.
2018-07-20 10:23:15,283 [INFO] from application in play-dev-mode-akka.actor.default-dispatcher-65 - ApplicationTimer demo: Starting application at 2018-07-20T15:23:15.282Z.
2018-07-20 10:23:15,338 [INFO] from play.api.http.EnabledFilters in play-dev-mode-akka.actor.default-dispatcher-65 - Enabled Filters (see <https://www.playframework.com/documentation/latest/Filters>):

    play.filters.csrf.CSRFFilter
    play.filters.headers.SecurityHeadersFilter
    play.filters.hosts.AllowedHostsFilter
    filters.ExampleFilter

2018-07-20 10:23:15,339 [INFO] from play.api.Play in play-dev-mode-akka.actor.default-dispatcher-65 - Application started (Dev)
2018-07-20 10:28:00,258 [INFO] from application in application-akka.actor.default-dispatcher-6 - ApplicationTimer demo: Stopping application at 2018-07-20T15:28:00.257Z after 285s.
2018-07-20 10:28:00,352 [INFO] from application in play-dev-mode-akka.actor.default-dispatcher-66 - ApplicationTimer demo: Starting application at 2018-07-20T15:28:00.351Z.
2018-07-20 10:28:00,389 [INFO] from play.api.http.EnabledFilters in play-dev-mode-akka.actor.default-dispatcher-66 - Enabled Filters (see <https://www.playframework.com/documentation/latest/Filters>):

    play.filters.csrf.CSRFFilter
    play.filters.headers.SecurityHeadersFilter
    play.filters.hosts.AllowedHostsFilter
    filters.ExampleFilter

2018-07-20 10:28:00,390 [INFO] from play.api.Play in play-dev-mode-akka.actor.default-dispatcher-66 - Application started (Dev)
2018-07-20 10:28:30,280 [INFO] from application in application-akka.actor.default-dispatcher-6 - ApplicationTimer demo: Stopping application at 2018-07-20T15:28:30.280Z after 30s.
2018-07-20 10:28:30,349 [INFO] from application in play-dev-mode-akka.actor.default-dispatcher-120 - ApplicationTimer demo: Starting application at 2018-07-20T15:28:30.348Z.
2018-07-20 10:28:30,379 [INFO] from play.api.http.EnabledFilters in play-dev-mode-akka.actor.default-dispatcher-120 - Enabled Filters (see <https://www.playframework.com/documentation/latest/Filters>):

    play.filters.csrf.CSRFFilter
    play.filters.headers.SecurityHeadersFilter
    play.filters.hosts.AllowedHostsFilter
    filters.ExampleFilter

2018-07-20 10:28:30,379 [INFO] from play.api.Play in play-dev-mode-akka.actor.default-dispatcher-120 - Application started (Dev)
